Build started 08/03/2015 22:22:07.
     1>Project "C:\Users\blogs_000\Documents\Visual Studio 2012\Projects\SDL\SDL\SDL.vcxproj" on node 2 (Build target(s)).
     1>ClCompile:
         C:\Program Files (x86)\Microsoft Visual Studio 11.0\VC\bin\CL.exe /c /ZI /nologo /W3 /WX- /sdl /Od /Oy- /D _MBCS /Gm /EHsc /RTC1 /MDd /GS /fp:precise /Zc:wchar_t /Zc:forScope /Fo"Debug\\" /Fd"Debug\vc110.pdb" /Gd /TP /analyze- /errorReport:prompt Dawn.cpp Random.cpp State_Gameplay.cpp main.cpp
         main.cpp
     1>c:\users\blogs_000\documents\visual studio 2012\projects\sdl\sdl\dawn.h(1): warning C4067: unexpected tokens following preprocessor directive - expected a newline
     1>c:\users\blogs_000\documents\visual studio 2012\projects\sdl\sdl\dawn.h(2): error C2008: '.' : unexpected in macro definition
         State_Gameplay.cpp
     1>c:\users\blogs_000\documents\visual studio 2012\projects\sdl\sdl\dawn.h(1): warning C4067: unexpected tokens following preprocessor directive - expected a newline
     1>c:\users\blogs_000\documents\visual studio 2012\projects\sdl\sdl\dawn.h(2): error C2008: '.' : unexpected in macro definition
     1>c:\users\blogs_000\documents\visual studio 2012\projects\sdl\sdl\state_gameplay.cpp(77): warning C4018: '<' : signed/unsigned mismatch
     1>c:\users\blogs_000\documents\visual studio 2012\projects\sdl\sdl\state_gameplay.cpp(99): warning C4018: '<' : signed/unsigned mismatch
     1>c:\users\blogs_000\documents\visual studio 2012\projects\sdl\sdl\state_gameplay.cpp(111): warning C4018: '<' : signed/unsigned mismatch
         Random.cpp
     1>c:\users\blogs_000\documents\visual studio 2012\projects\sdl\sdl\random.cpp(4): error C2065: 'lower' : undeclared identifier
     1>c:\users\blogs_000\documents\visual studio 2012\projects\sdl\sdl\random.cpp(4): error C2062: type 'int' unexpected
     1>c:\users\blogs_000\documents\visual studio 2012\projects\sdl\sdl\random.cpp(5): error C2143: syntax error : missing ';' before '{'
     1>c:\users\blogs_000\documents\visual studio 2012\projects\sdl\sdl\random.cpp(5): error C2447: '{' : missing function header (old-style formal list?)
         Dawn.cpp
     1>c:\users\blogs_000\documents\visual studio 2012\projects\sdl\sdl\dawn.h(1): warning C4067: unexpected tokens following preprocessor directive - expected a newline
     1>c:\users\blogs_000\documents\visual studio 2012\projects\sdl\sdl\dawn.h(2): error C2008: '.' : unexpected in macro definition
     1>c:\users\blogs_000\documents\visual studio 2012\projects\sdl\sdl\dawn.cpp(62): warning C4244: '=' : conversion from 'float' to 'int', possible loss of data
     1>c:\users\blogs_000\documents\visual studio 2012\projects\sdl\sdl\dawn.cpp(63): warning C4244: '=' : conversion from 'float' to 'int', possible loss of data
     1>c:\users\blogs_000\documents\visual studio 2012\projects\sdl\sdl\dawn.cpp(64): warning C4244: '=' : conversion from 'float' to 'int', possible loss of data
     1>c:\users\blogs_000\documents\visual studio 2012\projects\sdl\sdl\dawn.cpp(65): warning C4244: '=' : conversion from 'float' to 'int', possible loss of data
     1>c:\users\blogs_000\documents\visual studio 2012\projects\sdl\sdl\dawn.cpp(69): warning C4244: '=' : conversion from 'float' to 'int', possible loss of data
     1>c:\users\blogs_000\documents\visual studio 2012\projects\sdl\sdl\dawn.cpp(70): warning C4244: '=' : conversion from 'float' to 'int', possible loss of data
     1>c:\users\blogs_000\documents\visual studio 2012\projects\sdl\sdl\dawn.cpp(71): warning C4244: '=' : conversion from 'float' to 'int', possible loss of data
     1>c:\users\blogs_000\documents\visual studio 2012\projects\sdl\sdl\dawn.cpp(72): warning C4244: '=' : conversion from 'float' to 'int', possible loss of data
     1>c:\users\blogs_000\documents\visual studio 2012\projects\sdl\sdl\dawn.cpp(83): error C3867: 'Game::getRenderer': function call missing argument list; use '&Game::getRenderer' to create a pointer to member
         Generating Code...
     1>Done Building Project "C:\Users\blogs_000\Documents\Visual Studio 2012\Projects\SDL\SDL\SDL.vcxproj" (Build target(s)) -- FAILED.

Build FAILED.

Time Elapsed 00:00:06.85
